# JRE version: OpenJDK Runtime Environment Temurin-21.0.6+7 (21.0.6+7) (build 21.0.6+7-LTS)
# Java VM: OpenJDK 64-Bit Server VM Temurin-21.0.6+7 (21.0.6+7-LTS, mixed mode, sharing, tiered, compressed oops, compressed class ptrs, parallel gc, windows-amd64)
GC Precious Log:
 CardTable entry size: 512
 CPUs: 12 total, 12 available
 Memory: 16240M
 Large Page Support: Disabled
 NUMA Support: Disabled
 Compressed Oops: Enabled (32-bit)
 Alignments: Space 512K, Generation 512K, Heap 2M
 Heap Min Capacity: 100M
 Heap Initial Capacity: 100M
 Heap Max Capacity: 1G
 Pre-touch: Disabled
 Parallel Workers: 10
Heap:
 PSYoungGen      total 2560K, used 2272K [0x00000000eab00000, 0x00000000eb580000, 0x0000000100000000)
  eden space 1024K, 100% used [0x00000000eab00000,0x00000000eac00000,0x00000000eac00000)
  from space 1536K, 81% used [0x00000000eac00000,0x00000000ead38000,0x00000000ead80000)
  to   space 4096K, 0% used [0x00000000eb180000,0x00000000eb180000,0x00000000eb580000)
 ParOldGen       total 697856K, used 697815K [0x00000000c0000000, 0x00000000ea980000, 0x00000000eab00000)
  object space 697856K, 99% used [0x00000000c0000000,0x00000000ea975f98,0x00000000ea980000)
 Metaspace       used 114258K, committed 116096K, reserved 1179648K
  class space    used 10785K, committed 11648K, reserved 1048576K
GC Heap History (20 events):
Event: 38636.514 GC heap after
{Heap after GC invocations=51943 (full 142):
 PSYoungGen      total 3072K, used 1020K [0x00000000eab00000, 0x00000000ebb00000, 0x0000000100000000)
  eden space 2048K, 0% used [0x00000000eab00000,0x00000000eab00000,0x00000000ead00000)
  from space 1024K, 99% used [0x00000000eb200000,0x00000000eb2ff088,0x00000000eb300000)
  to   space 5120K, 0% used [0x00000000ead00000,0x00000000ead00000,0x00000000eb200000)
 ParOldGen       total 676352K, used 676203K [0x00000000c0000000, 0x00000000e9480000, 0x00000000eab00000)
  object space 676352K, 99% used [0x00000000c0000000,0x00000000e945ad10,0x00000000e9480000)
 Metaspace       used 114258K, committed 116096K, reserved 1179648K
  class space    used 10785K, committed 11648K, reserved 1048576K
}
Event: 38636.515 GC heap before
{Heap before GC invocations=51944 (full 142):
 PSYoungGen      total 3072K, used 3068K [0x00000000eab00000, 0x00000000ebb00000, 0x0000000100000000)
  eden space 2048K, 100% used [0x00000000eab00000,0x00000000ead00000,0x00000000ead00000)
  from space 1024K, 99% used [0x00000000eb200000,0x00000000eb2ff088,0x00000000eb300000)
  to   space 5120K, 0% used [0x00000000ead00000,0x00000000ead00000,0x00000000eb200000)
 ParOldGen       total 676352K, used 676203K [0x00000000c0000000, 0x00000000e9480000, 0x00000000eab00000)
  object space 676352K, 99% used [0x00000000c0000000,0x00000000e945ad10,0x00000000e9480000)
 Metaspace       used 114258K, committed 116096K, reserved 1179648K
  class space    used 10785K, committed 11648K, reserved 1048576K
}
Event: 38636.517 GC heap after
{Heap after GC invocations=51944 (full 142):
 PSYoungGen      total 3584K, used 1056K [0x00000000eab00000, 0x00000000eb280000, 0x0000000100000000)
  eden space 2048K, 0% used [0x00000000eab00000,0x00000000eab00000,0x00000000ead00000)
  from space 1536K, 68% used [0x00000000ead00000,0x00000000eae08000,0x00000000eae80000)
  to   space 2560K, 0% used [0x00000000eb000000,0x00000000eb000000,0x00000000eb280000)
 ParOldGen       total 677888K, used 677259K [0x00000000c0000000, 0x00000000e9600000, 0x00000000eab00000)
  object space 677888K, 99% used [0x00000000c0000000,0x00000000e9562db8,0x00000000e9600000)
 Metaspace       used 114258K, committed 116096K, reserved 1179648K
  class space    used 10785K, committed 11648K, reserved 1048576K
}
Event: 38636.518 GC heap before
{Heap before GC invocations=51945 (full 142):
 PSYoungGen      total 3584K, used 3104K [0x00000000eab00000, 0x00000000eb280000, 0x0000000100000000)
  eden space 2048K, 100% used [0x00000000eab00000,0x00000000ead00000,0x00000000ead00000)
  from space 1536K, 68% used [0x00000000ead00000,0x00000000eae08000,0x00000000eae80000)
  to   space 2560K, 0% used [0x00000000eb000000,0x00000000eb000000,0x00000000eb280000)
 ParOldGen       total 677888K, used 677259K [0x00000000c0000000, 0x00000000e9600000, 0x00000000eab00000)
  object space 677888K, 99% used [0x00000000c0000000,0x00000000e9562db8,0x00000000e9600000)
 Metaspace       used 114258K, committed 116096K, reserved 1179648K
  class space    used 10785K, committed 11648K, reserved 1048576K
}
Event: 38636.520 GC heap after
{Heap after GC invocations=51945 (full 142):
 PSYoungGen      total 4096K, used 1344K [0x00000000eab00000, 0x00000000eb180000, 0x0000000100000000)
  eden space 2560K, 0% used [0x00000000eab00000,0x00000000eab00000,0x00000000ead80000)
  from space 1536K, 87% used [0x00000000eb000000,0x00000000eb150020,0x00000000eb180000)
  to   space 1536K, 0% used [0x00000000eae80000,0x00000000eae80000,0x00000000eb000000)
 ParOldGen       total 678400K, used 678163K [0x00000000c0000000, 0x00000000e9680000, 0x00000000eab00000)
  object space 678400K, 99% used [0x00000000c0000000,0x00000000e9644db8,0x00000000e9680000)
 Metaspace       used 114258K, committed 116096K, reserved 1179648K
  class space    used 10785K, committed 11648K, reserved 1048576K
}
Event: 38636.522 GC heap before
{Heap before GC invocations=51946 (full 142):
 PSYoungGen      total 4096K, used 3904K [0x00000000eab00000, 0x00000000eb180000, 0x0000000100000000)
  eden space 2560K, 100% used [0x00000000eab00000,0x00000000ead80000,0x00000000ead80000)
  from space 1536K, 87% used [0x00000000eb000000,0x00000000eb150020,0x00000000eb180000)
  to   space 1536K, 0% used [0x00000000eae80000,0x00000000eae80000,0x00000000eb000000)
 ParOldGen       total 678400K, used 678163K [0x00000000c0000000, 0x00000000e9680000, 0x00000000eab00000)
  object space 678400K, 99% used [0x00000000c0000000,0x00000000e9644db8,0x00000000e9680000)
 Metaspace       used 114258K, committed 116096K, reserved 1179648K
  class space    used 10785K, committed 11648K, reserved 1048576K
}
Event: 38636.523 GC heap after
{Heap after GC invocations=51946 (full 142):
 PSYoungGen      total 4608K, used 1536K [0x00000000eab00000, 0x00000000eb500000, 0x0000000100000000)
  eden space 3072K, 0% used [0x00000000eab00000,0x00000000eab00000,0x00000000eae00000)
  from space 1536K, 100% used [0x00000000eae80000,0x00000000eb000000,0x00000000eb000000)
  to   space 3584K, 0% used [0x00000000eb180000,0x00000000eb180000,0x00000000eb500000)
 ParOldGen       total 679936K, used 679443K [0x00000000c0000000, 0x00000000e9800000, 0x00000000eab00000)
  object space 679936K, 99% used [0x00000000c0000000,0x00000000e9784dd8,0x00000000e9800000)
 Metaspace       used 114258K, committed 116096K, reserved 1179648K
  class space    used 10785K, committed 11648K, reserved 1048576K
}
Event: 38636.525 GC heap before
{Heap before GC invocations=51947 (full 142):
 PSYoungGen      total 4608K, used 4608K [0x00000000eab00000, 0x00000000eb500000, 0x0000000100000000)
  eden space 3072K, 100% used [0x00000000eab00000,0x00000000eae00000,0x00000000eae00000)
  from space 1536K, 100% used [0x00000000eae80000,0x00000000eb000000,0x00000000eb000000)
  to   space 3584K, 0% used [0x00000000eb180000,0x00000000eb180000,0x00000000eb500000)
 ParOldGen       total 679936K, used 679443K [0x00000000c0000000, 0x00000000e9800000, 0x00000000eab00000)
  object space 679936K, 99% used [0x00000000c0000000,0x00000000e9784dd8,0x00000000e9800000)
 Metaspace       used 114258K, committed 116096K, reserved 1179648K
  class space    used 10785K, committed 11648K, reserved 1048576K
}
Event: 38636.527 GC heap after
{Heap after GC invocations=51947 (full 142):
 PSYoungGen      total 6656K, used 2304K [0x00000000eab00000, 0x00000000eb400000, 0x0000000100000000)
  eden space 4096K, 0% used [0x00000000eab00000,0x00000000eab00000,0x00000000eaf00000)
  from space 2560K, 90% used [0x00000000eb180000,0x00000000eb3c0000,0x00000000eb400000)
  to   space 2560K, 0% used [0x00000000eaf00000,0x00000000eaf00000,0x00000000eb180000)
 ParOldGen       total 680960K, used 680907K [0x00000000c0000000, 0x00000000e9900000, 0x00000000eab00000)
  object space 680960K, 99% used [0x00000000c0000000,0x00000000e98f2dd8,0x00000000e9900000)
 Metaspace       used 114258K, committed 116096K, reserved 1179648K
  class space    used 10785K, committed 11648K, reserved 1048576K
}
Event: 38636.530 GC heap before
{Heap before GC invocations=51948 (full 142):
 PSYoungGen      total 6656K, used 6400K [0x00000000eab00000, 0x00000000eb400000, 0x0000000100000000)
  eden space 4096K, 100% used [0x00000000eab00000,0x00000000eaf00000,0x00000000eaf00000)
  from space 2560K, 90% used [0x00000000eb180000,0x00000000eb3c0000,0x00000000eb400000)
  to   space 2560K, 0% used [0x00000000eaf00000,0x00000000eaf00000,0x00000000eb180000)
 ParOldGen       total 680960K, used 680907K [0x00000000c0000000, 0x00000000e9900000, 0x00000000eab00000)
  object space 680960K, 99% used [0x00000000c0000000,0x00000000e98f2dd8,0x00000000e9900000)
 Metaspace       used 114258K, committed 116096K, reserved 1179648K
  class space    used 10785K, committed 11648K, reserved 1048576K
}
Event: 38636.533 GC heap after
{Heap after GC invocations=51948 (full 142):
 PSYoungGen      total 6656K, used 2560K [0x00000000eab00000, 0x00000000ebb00000, 0x0000000100000000)
  eden space 4096K, 0% used [0x00000000eab00000,0x00000000eab00000,0x00000000eaf00000)
  from space 2560K, 100% used [0x00000000eaf00000,0x00000000eb180000,0x00000000eb180000)
  to   space 5632K, 0% used [0x00000000eb580000,0x00000000eb580000,0x00000000ebb00000)
 ParOldGen       total 683520K, used 683423K [0x00000000c0000000, 0x00000000e9b80000, 0x00000000eab00000)
  object space 683520K, 99% used [0x00000000c0000000,0x00000000e9b67cc8,0x00000000e9b80000)
 Metaspace       used 114258K, committed 116096K, reserved 1179648K
  class space    used 10785K, committed 11648K, reserved 1048576K
}
Event: 38636.540 GC heap before
{Heap before GC invocations=51949 (full 142):
 PSYoungGen      total 6656K, used 6587K [0x00000000eab00000, 0x00000000ebb00000, 0x0000000100000000)
  eden space 4096K, 98% used [0x00000000eab00000,0x00000000eaeeedf8,0x00000000eaf00000)
  from space 2560K, 100% used [0x00000000eaf00000,0x00000000eb180000,0x00000000eb180000)
  to   space 5632K, 0% used [0x00000000eb580000,0x00000000eb580000,0x00000000ebb00000)
 ParOldGen       total 683520K, used 683423K [0x00000000c0000000, 0x00000000e9b80000, 0x00000000eab00000)
  object space 683520K, 99% used [0x00000000c0000000,0x00000000e9b67cc8,0x00000000e9b80000)
 Metaspace       used 114258K, committed 116096K, reserved 1179648K
  class space    used 10785K, committed 11648K, reserved 1048576K
}
Event: 38636.543 GC heap after
{Heap after GC invocations=51949 (full 142):
 PSYoungGen      total 9216K, used 3953K [0x00000000eab00000, 0x00000000eb980000, 0x0000000100000000)
  eden space 5120K, 0% used [0x00000000eab00000,0x00000000eab00000,0x00000000eb000000)
  from space 4096K, 96% used [0x00000000eb580000,0x00000000eb95c600,0x00000000eb980000)
  to   space 4608K, 0% used [0x00000000eb080000,0x00000000eb080000,0x00000000eb500000)
 ParOldGen       total 686080K, used 685987K [0x00000000c0000000, 0x00000000e9e00000, 0x00000000eab00000)
  object space 686080K, 99% used [0x00000000c0000000,0x00000000e9de8f48,0x00000000e9e00000)
 Metaspace       used 114258K, committed 116096K, reserved 1179648K
  class space    used 10785K, committed 11648K, reserved 1048576K
}
Event: 38636.562 GC heap before
{Heap before GC invocations=51950 (full 142):
 PSYoungGen      total 9216K, used 9073K [0x00000000eab00000, 0x00000000eb980000, 0x0000000100000000)
  eden space 5120K, 100% used [0x00000000eab00000,0x00000000eb000000,0x00000000eb000000)
  from space 4096K, 96% used [0x00000000eb580000,0x00000000eb95c600,0x00000000eb980000)
  to   space 4608K, 0% used [0x00000000eb080000,0x00000000eb080000,0x00000000eb500000)
 ParOldGen       total 686080K, used 685987K [0x00000000c0000000, 0x00000000e9e00000, 0x00000000eab00000)
  object space 686080K, 99% used [0x00000000c0000000,0x00000000e9de8f48,0x00000000e9e00000)
 Metaspace       used 114258K, committed 116096K, reserved 1179648K
  class space    used 10785K, committed 11648K, reserved 1048576K
}
Event: 38636.566 GC heap after
{Heap after GC invocations=51950 (full 142):
 PSYoungGen      total 10240K, used 3596K [0x00000000eab00000, 0x00000000eb900000, 0x0000000100000000)
  eden space 5632K, 0% used [0x00000000eab00000,0x00000000eab00000,0x00000000eb080000)
  from space 4608K, 78% used [0x00000000eb080000,0x00000000eb403000,0x00000000eb500000)
  to   space 4096K, 0% used [0x00000000eb500000,0x00000000eb500000,0x00000000eb900000)
 ParOldGen       total 689664K, used 689627K [0x00000000c0000000, 0x00000000ea180000, 0x00000000eab00000)
  object space 689664K, 99% used [0x00000000c0000000,0x00000000ea176f48,0x00000000ea180000)
 Metaspace       used 114258K, committed 116096K, reserved 1179648K
  class space    used 10785K, committed 11648K, reserved 1048576K
}
Event: 38636.600 GC heap before
{Heap before GC invocations=51951 (full 142):
 PSYoungGen      total 10240K, used 9228K [0x00000000eab00000, 0x00000000eb900000, 0x0000000100000000)
  eden space 5632K, 100% used [0x00000000eab00000,0x00000000eb080000,0x00000000eb080000)
  from space 4608K, 78% used [0x00000000eb080000,0x00000000eb403000,0x00000000eb500000)
  to   space 4096K, 0% used [0x00000000eb500000,0x00000000eb500000,0x00000000eb900000)
 ParOldGen       total 689664K, used 689627K [0x00000000c0000000, 0x00000000ea180000, 0x00000000eab00000)
  object space 689664K, 99% used [0x00000000c0000000,0x00000000ea176f48,0x00000000ea180000)
 Metaspace       used 114258K, committed 116096K, reserved 1179648K
  class space    used 10785K, committed 11648K, reserved 1048576K
}
Event: 38636.604 GC heap after
{Heap after GC invocations=51951 (full 142):
 PSYoungGen      total 5120K, used 4070K [0x00000000eab00000, 0x00000000ec400000, 0x0000000100000000)
  eden space 1024K, 0% used [0x00000000eab00000,0x00000000eab00000,0x00000000eac00000)
  from space 4096K, 99% used [0x00000000eb500000,0x00000000eb8f9850,0x00000000eb900000)
  to   space 9216K, 0% used [0x00000000eac00000,0x00000000eac00000,0x00000000eb500000)
 ParOldGen       total 693760K, used 693681K [0x00000000c0000000, 0x00000000ea580000, 0x00000000eab00000)
  object space 693760K, 99% used [0x00000000c0000000,0x00000000ea56c748,0x00000000ea580000)
 Metaspace       used 114258K, committed 116096K, reserved 1179648K
  class space    used 10785K, committed 11648K, reserved 1048576K
}
Event: 38636.605 GC heap before
{Heap before GC invocations=51952 (full 142):
 PSYoungGen      total 5120K, used 5094K [0x00000000eab00000, 0x00000000ec400000, 0x0000000100000000)
  eden space 1024K, 100% used [0x00000000eab00000,0x00000000eac00000,0x00000000eac00000)
  from space 4096K, 99% used [0x00000000eb500000,0x00000000eb8f9850,0x00000000eb900000)
  to   space 9216K, 0% used [0x00000000eac00000,0x00000000eac00000,0x00000000eb500000)
 ParOldGen       total 693760K, used 693681K [0x00000000c0000000, 0x00000000ea580000, 0x00000000eab00000)
  object space 693760K, 99% used [0x00000000c0000000,0x00000000ea56c748,0x00000000ea580000)
 Metaspace       used 114258K, committed 116096K, reserved 1179648K
  class space    used 10785K, committed 11648K, reserved 1048576K
}
Event: 38636.608 GC heap after
{Heap after GC invocations=51952 (full 142):
 PSYoungGen      total 2560K, used 1248K [0x00000000eab00000, 0x00000000eb580000, 0x0000000100000000)
  eden space 1024K, 0% used [0x00000000eab00000,0x00000000eab00000,0x00000000eac00000)
  from space 1536K, 81% used [0x00000000eac00000,0x00000000ead38000,0x00000000ead80000)
  to   space 4096K, 0% used [0x00000000eb180000,0x00000000eb180000,0x00000000eb580000)
 ParOldGen       total 697856K, used 697815K [0x00000000c0000000, 0x00000000ea980000, 0x00000000eab00000)
  object space 697856K, 99% used [0x00000000c0000000,0x00000000ea975f98,0x00000000ea980000)
 Metaspace       used 114258K, committed 116096K, reserved 1179648K
  class space    used 10785K, committed 11648K, reserved 1048576K
}
Event: 38636.609 GC heap before
{Heap before GC invocations=51953 (full 143):
 PSYoungGen      total 2560K, used 2272K [0x00000000eab00000, 0x00000000eb580000, 0x0000000100000000)
  eden space 1024K, 100% used [0x00000000eab00000,0x00000000eac00000,0x00000000eac00000)
  from space 1536K, 81% used [0x00000000eac00000,0x00000000ead38000,0x00000000ead80000)
  to   space 4096K, 0% used [0x00000000eb180000,0x00000000eb180000,0x00000000eb580000)
 ParOldGen       total 697856K, used 697815K [0x00000000c0000000, 0x00000000ea980000, 0x00000000eab00000)
  object space 697856K, 99% used [0x00000000c0000000,0x00000000ea975f98,0x00000000ea980000)
 Metaspace       used 114258K, committed 116096K, reserved 1179648K
  class space    used 10785K, committed 11648K, reserved 1048576K
}

